<?xml version="1.0" encoding="UTF-8"?>
<testng-results ignored="0" total="1" passed="1" failed="0" skipped="0">
  <reporter-output>
  </reporter-output>
  <suite started-at="2024-03-20T15:58:27 IST" name="Default suite" finished-at="2024-03-20T15:58:39 IST" duration-ms="11937">
    <groups>
    </groups>
    <test started-at="2024-03-20T15:58:27 IST" name="Default test" finished-at="2024-03-20T15:58:39 IST" duration-ms="11937">
      <class name="Autominiprjct.Firstmini">
        <test-method signature="bageecha()[pri:0, instance:Autominiprjct.Firstmini@72d1ad2e]" started-at="2024-03-20T15:58:27 IST" name="bageecha" finished-at="2024-03-20T15:58:39 IST" duration-ms="11876" status="PASS">
          <reporter-output>
          </reporter-output>
        </test-method> <!-- bageecha -->
      </class> <!-- Autominiprjct.Firstmini -->
    </test> <!-- Default test -->
  </suite> <!-- Default suite -->
</testng-results>
